SonarCloud plugins:
  - JaCoCo 1.3.0.1538 (jacoco)
  - License for SonarLint 8.0.0.57006 (license)
  - IaC Code Quality and Security 1.36.0.12431 (iac)
  - Text Code Quality and Security 2.16.0.4008 (text)
  - XML Code Quality and Security 2.10.0.4108 (xml)
Project server settings:
Project scanner properties:
  - sonar.host.url=https://sonarcloud.io
  - sonar.login=******
  - sonar.organization=mo-mans0ur
  - sonar.projectBaseDir=C:\Users\moha1\SystemUdvikling_Mandatory1
  - sonar.projectKey=SystemUdvikling_Mandatory1
  - sonar.scanner.apiBaseUrl=https://api.sonarcloud.io
  - sonar.scanner.app=ScannerCLI
  - sonar.scanner.appVersion=6.2.1.4610
  - sonar.scanner.arch=amd64
  - sonar.scanner.bootstrapStartTime=1728838903544
  - sonar.scanner.home=C:\Users\moha1\OneDrive\Dokumenter\sonar-scanner-cli-6.2.1.4610-windows-x64\sonar-scanner-6.2.1.4610-windows-x64\bin\..
  - sonar.scanner.os=windows
  - sonar.scanner.wasEngineCacheHit=true
  - sonar.scanner.wasJreCacheHit=HIT
  - sonar.verbose=true
  - sonar.working.directory=C:\Users\moha1\SystemUdvikling_Mandatory1\.scannerwork
